{
  "RSpec": {
    "coverage": {
      "/Users/dominicmeddick/Documents/Makers/Week10/bank_tech_test/spec/bank_spec.rb": {
        "lines": [
          null,
          null,
          1,
          null,
          1,
          6,
          null,
          1,
          1,
          1,
          null,
          null,
          1,
          1,
          1,
          1,
          null,
          null,
          1,
          1,
          1,
          null,
          null,
          null,
          1,
          1,
          1,
          1,
          null,
          null,
          null,
          null,
          null,
          1,
          2,
          null,
          null
        ]
      },
      "/Users/dominicmeddick/Documents/Makers/Week10/bank_tech_test/lib/bank.rb": {
        "lines": [
          null,
          null,
          1,
          1,
          null,
          1,
          null,
          null,
          1,
          1,
          null,
          1,
          null,
          1,
          5,
          5,
          5,
          5,
          null,
          null,
          1,
          4,
          4,
          null,
          null,
          1,
          3,
          null,
          2,
          2,
          null,
          null,
          1,
          null,
          1,
          0,
          0,
          null,
          null,
          1,
          4,
          null,
          null,
          null,
          1,
          2,
          null,
          null,
          null,
          1,
          3,
          null,
          null
        ]
      },
      "/Users/dominicmeddick/Documents/Makers/Week10/bank_tech_test/lib/transaction.rb": {
        "lines": [
          null,
          null,
          null,
          1,
          1,
          null,
          1,
          6,
          null,
          null
        ]
      },
      "/Users/dominicmeddick/Documents/Makers/Week10/bank_tech_test/lib/print.rb": {
        "lines": [
          null,
          null,
          null,
          1,
          1,
          1,
          null,
          1,
          1,
          null,
          null,
          null,
          null
        ]
      },
      "/Users/dominicmeddick/Documents/Makers/Week10/bank_tech_test/spec/print_spec.rb": {
        "lines": [
          null,
          null,
          1,
          null,
          1,
          2,
          null,
          1,
          1,
          1,
          1,
          null,
          null,
          null
        ]
      },
      "/Users/dominicmeddick/Documents/Makers/Week10/bank_tech_test/spec/transaction_spec.rb": {
        "lines": [
          null,
          null,
          1,
          null,
          1,
          2,
          null,
          1,
          1,
          null,
          null
        ]
      }
    },
    "timestamp": 1622735115
  }
}
